<?xml version="1.0" encoding="UTF-8"?>
<testsuite xmlns:xsi="http://www.w3.org/2001/XMLSchema-instance" xsi:noNamespaceSchemaLocation="https://maven.apache.org/surefire/maven-surefire-plugin/xsd/surefire-test-report-3.0.xsd" version="3.0" name="com.example.springboot.demo.mycoolapp.MycoolappApplicationTests" time="17.587" tests="1" errors="0" skipped="0" failures="0">
  <properties>
[...]
</properties>
  <testcase name="contextLoads" classname="com.example.springboot.demo.mycoolapp.MycoolappApplicationTests" time="4.431">
    <system-out><![CDATA[09:49:30.093 [main] INFO org.springframework.test.context.support.AnnotationConfigContextLoaderUtils -- Could not detect default configuration classes for test class [com.example.springboot.demo.mycoolapp.MycoolappApplicationTests]: MycoolappApplicationTests does not declare any static, non-private, non-final, nested classes annotated with @Configuration.
09:49:30.445 [main] INFO org.springframework.boot.test.context.SpringBootTestContextBootstrapper -- Found @SpringBootConfiguration com.example.springboot.demo.mycoolapp.MycoolappApplication for test class com.example.springboot.demo.mycoolapp.MycoolappApplicationTests
09:49:31.660 [main] INFO org.springframework.boot.devtools.restart.RestartApplicationListener -- Restart disabled due to context in which it is running

  .   ____          _            __ _ _
 /\\ / ___'_ __ _ _(_)_ __  __ _ \ \ \ \
( ( )\___ | '_ | '_| | '_ \/ _` | \ \ \ \
 \\/  ___)| |_)| | | | | || (_| |  ) ) ) )
  '  |____| .__|_| |_|_| |_\__, | / / / /
 =========|_|==============|___/=/_/_/_/
 :: Spring Boot ::                (v3.2.0)

2023-12-29T09:49:32.911+02:00  INFO 16360 --- [           main] c.e.s.d.m.MycoolappApplicationTests      : Starting MycoolappApplicationTests using Java 17.0.6 with PID 16360 (started by aales in C:\Users\aales\IdeaProjects\dev-spring-boot\01-spring-boot-overview\03-actuator-demo)
2023-12-29T09:49:32.916+02:00  INFO 16360 --- [           main] c.e.s.d.m.MycoolappApplicationTests      : No active profile set, falling back to 1 default profile: "default"
2023-12-29T09:49:40.889+02:00  WARN 16360 --- [           main] .s.s.UserDetailsServiceAutoConfiguration : 

Using generated security password: 66f567b1-7ffb-4936-9030-9a4db8affc1b

This generated password is for development use only. Your security configuration must be updated before running your application in production.

2023-12-29T09:49:41.495+02:00  INFO 16360 --- [           main] o.s.b.a.e.web.EndpointLinksResolver      : Exposing 11 endpoint(s) beneath base path '/actuator'
2023-12-29T09:49:41.624+02:00  INFO 16360 --- [           main] o.s.s.web.DefaultSecurityFilterChain     : Will secure any request with [org.springframework.security.web.session.DisableEncodeUrlFilter@624b3544, org.springframework.security.web.context.request.async.WebAsyncManagerIntegrationFilter@454bcbbf, org.springframework.security.web.context.SecurityContextHolderFilter@755b5f30, org.springframework.security.web.header.HeaderWriterFilter@7a64cb0c, org.springframework.web.filter.CorsFilter@2c9fdb64, org.springframework.security.web.csrf.CsrfFilter@28ee882c, org.springframework.security.web.authentication.logout.LogoutFilter@3cb6e0ee, org.springframework.security.web.authentication.UsernamePasswordAuthenticationFilter@7ceb6c45, org.springframework.security.web.authentication.ui.DefaultLoginPageGeneratingFilter@2c48cede, org.springframework.security.web.authentication.ui.DefaultLogoutPageGeneratingFilter@27e199ce, org.springframework.security.web.authentication.www.BasicAuthenticationFilter@404ced67, org.springframework.security.web.savedrequest.RequestCacheAwareFilter@272778ae, org.springframework.security.web.servletapi.SecurityContextHolderAwareRequestFilter@2cccf134, org.springframework.security.web.authentication.AnonymousAuthenticationFilter@1c3b6963, org.springframework.security.web.access.ExceptionTranslationFilter@696fad31, org.springframework.security.web.access.intercept.AuthorizationFilter@1c84d80a]
2023-12-29T09:49:42.105+02:00  INFO 16360 --- [           main] c.e.s.d.m.MycoolappApplicationTests      : Started MycoolappApplicationTests in 10.56 seconds (process running for 15.035)
]]></system-out>
  </testcase>
</testsuite>